<?xml version="1.0" encoding="UTF-8"?>
<!-- Generated by org.testng.reporters.JUnitReportReporter -->
<testsuite skipped="0" hostname="DESKTOP-RQ0I3KE" name="com.qa.Tests.LoginTest" tests="1" failures="0" timestamp="21 Jun 2018 17:58:08 GMT" time="17.329" errors="0">
  <testcase name="verify" time="17.329" classname="com.qa.Tests.LoginTest"/>
</testsuite> <!-- com.qa.Tests.LoginTest -->
