<?xml version="1.0" encoding="UTF-8"?>
<!-- Generated by org.testng.reporters.JUnitReportReporter -->
<testsuite skipped="0" hostname="DESKTOP-RQ0I3KE" name="com.qa.Tests.LoginTest" tests="1" failures="0" timestamp="21 Jun 2018 22:44:38 GMT" time="27.781" errors="0">
  <testcase name="verify" time="27.781" classname="com.qa.Tests.LoginTest"/>
</testsuite> <!-- com.qa.Tests.LoginTest -->
